# JRE version: Java(TM) SE Runtime Environment (8.0_102-b14) (build 1.8.0_102-b14)
# Java VM: Java HotSpot(TM) 64-Bit Server VM (25.102-b14 mixed mode windows-amd64 compressed oops)
Heap:
 PSYoungGen      total 60928K, used 11538K [0x00000000ebd80000, 0x00000000f2880000, 0x0000000100000000)
  eden space 58368K, 15% used [0x00000000ebd80000,0x00000000ec64ac70,0x00000000ef680000)
  from space 2560K, 99% used [0x00000000efe00000,0x00000000f0079f68,0x00000000f0080000)
  to   space 7680K, 0% used [0x00000000ef680000,0x00000000ef680000,0x00000000efe00000)
 ParOldGen       total 35328K, used 7364K [0x00000000c3800000, 0x00000000c5a80000, 0x00000000ebd80000)
  object space 35328K, 20% used [0x00000000c3800000,0x00000000c3f310f8,0x00000000c5a80000)
 Metaspace       used 22720K, capacity 23642K, committed 23936K, reserved 1071104K
  class space    used 2935K, capacity 3152K, committed 3200K, reserved 1048576K
GC Heap History (10 events):
Event: 3.703 GC heap before
{Heap before GC invocations=3 (full 0):
 PSYoungGen      total 34304K, used 34302K [0x00000000ebd80000, 0x00000000ee180000, 0x0000000100000000)
  eden space 31744K, 100% used [0x00000000ebd80000,0x00000000edc80000,0x00000000edc80000)
  from space 2560K, 99% used [0x00000000edf00000,0x00000000ee17fab8,0x00000000ee180000)
  to   space 2560K, 0% used [0x00000000edc80000,0x00000000edc80000,0x00000000edf00000)
 ParOldGen       total 42496K, used 1688K [0x00000000c3800000, 0x00000000c6180000, 0x00000000ebd80000)
  object space 42496K, 3% used [0x00000000c3800000,0x00000000c39a61b0,0x00000000c6180000)
 Metaspace       used 13394K, capacity 13854K, committed 13952K, reserved 1060864K
  class space    used 1750K, capacity 1860K, committed 1920K, reserved 1048576K
Event: 3.721 GC heap after
Heap after GC invocations=3 (full 0):
 PSYoungGen      total 34304K, used 2544K [0x00000000ebd80000, 0x00000000f0080000, 0x0000000100000000)
  eden space 31744K, 0% used [0x00000000ebd80000,0x00000000ebd80000,0x00000000edc80000)
  from space 2560K, 99% used [0x00000000edc80000,0x00000000edefc010,0x00000000edf00000)
  to   space 2560K, 0% used [0x00000000efe00000,0x00000000efe00000,0x00000000f0080000)
 ParOldGen       total 42496K, used 4478K [0x00000000c3800000, 0x00000000c6180000, 0x00000000ebd80000)
  object space 42496K, 10% used [0x00000000c3800000,0x00000000c3c5f870,0x00000000c6180000)
 Metaspace       used 13394K, capacity 13854K, committed 13952K, reserved 1060864K
  class space    used 1750K, capacity 1860K, committed 1920K, reserved 1048576K
}
Event: 4.409 GC heap before
{Heap before GC invocations=4 (full 0):
 PSYoungGen      total 34304K, used 34288K [0x00000000ebd80000, 0x00000000f0080000, 0x0000000100000000)
  eden space 31744K, 100% used [0x00000000ebd80000,0x00000000edc80000,0x00000000edc80000)
  from space 2560K, 99% used [0x00000000edc80000,0x00000000edefc010,0x00000000edf00000)
  to   space 2560K, 0% used [0x00000000efe00000,0x00000000efe00000,0x00000000f0080000)
 ParOldGen       total 42496K, used 4478K [0x00000000c3800000, 0x00000000c6180000, 0x00000000ebd80000)
  object space 42496K, 10% used [0x00000000c3800000,0x00000000c3c5f870,0x00000000c6180000)
 Metaspace       used 17980K, capacity 18574K, committed 18944K, reserved 1064960K
  class space    used 2307K, capacity 2464K, committed 2560K, reserved 1048576K
Event: 4.422 GC heap after
Heap after GC invocations=4 (full 0):
 PSYoungGen      total 66048K, used 2544K [0x00000000ebd80000, 0x00000000f0080000, 0x0000000100000000)
  eden space 63488K, 0% used [0x00000000ebd80000,0x00000000ebd80000,0x00000000efb80000)
  from space 2560K, 99% used [0x00000000efe00000,0x00000000f007c010,0x00000000f0080000)
  to   space 2560K, 0% used [0x00000000efb80000,0x00000000efb80000,0x00000000efe00000)
 ParOldGen       total 42496K, used 9173K [0x00000000c3800000, 0x00000000c6180000, 0x00000000ebd80000)
  object space 42496K, 21% used [0x00000000c3800000,0x00000000c40f5768,0x00000000c6180000)
 Metaspace       used 17980K, capacity 18574K, committed 18944K, reserved 1064960K
  class space    used 2307K, capacity 2464K, committed 2560K, reserved 1048576K
}
Event: 4.980 GC heap before
{Heap before GC invocations=5 (full 0):
 PSYoungGen      total 66048K, used 19303K [0x00000000ebd80000, 0x00000000f0080000, 0x0000000100000000)
  eden space 63488K, 26% used [0x00000000ebd80000,0x00000000ecdddef0,0x00000000efb80000)
  from space 2560K, 99% used [0x00000000efe00000,0x00000000f007c010,0x00000000f0080000)
  to   space 2560K, 0% used [0x00000000efb80000,0x00000000efb80000,0x00000000efe00000)
 ParOldGen       total 42496K, used 9173K [0x00000000c3800000, 0x00000000c6180000, 0x00000000ebd80000)
  object space 42496K, 21% used [0x00000000c3800000,0x00000000c40f5768,0x00000000c6180000)
 Metaspace       used 20463K, capacity 21126K, committed 21296K, reserved 1067008K
  class space    used 2657K, capacity 2836K, committed 2944K, reserved 1048576K
Event: 4.999 GC heap after
Heap after GC invocations=5 (full 0):
 PSYoungGen      total 66048K, used 2530K [0x00000000ebd80000, 0x00000000f0080000, 0x0000000100000000)
  eden space 63488K, 0% used [0x00000000ebd80000,0x00000000ebd80000,0x00000000efb80000)
  from space 2560K, 98% used [0x00000000efb80000,0x00000000efdf8a98,0x00000000efe00000)
  to   space 2560K, 0% used [0x00000000efe00000,0x00000000efe00000,0x00000000f0080000)
 ParOldGen       total 42496K, used 11762K [0x00000000c3800000, 0x00000000c6180000, 0x00000000ebd80000)
  object space 42496K, 27% used [0x00000000c3800000,0x00000000c437c8f0,0x00000000c6180000)
 Metaspace       used 20463K, capacity 21126K, committed 21296K, reserved 1067008K
  class space    used 2657K, capacity 2836K, committed 2944K, reserved 1048576K
}
Event: 4.999 GC heap before
{Heap before GC invocations=6 (full 1):
 PSYoungGen      total 66048K, used 2530K [0x00000000ebd80000, 0x00000000f0080000, 0x0000000100000000)
  eden space 63488K, 0% used [0x00000000ebd80000,0x00000000ebd80000,0x00000000efb80000)
  from space 2560K, 98% used [0x00000000efb80000,0x00000000efdf8a98,0x00000000efe00000)
  to   space 2560K, 0% used [0x00000000efe00000,0x00000000efe00000,0x00000000f0080000)
 ParOldGen       total 42496K, used 11762K [0x00000000c3800000, 0x00000000c6180000, 0x00000000ebd80000)
  object space 42496K, 27% used [0x00000000c3800000,0x00000000c437c8f0,0x00000000c6180000)
 Metaspace       used 20463K, capacity 21126K, committed 21296K, reserved 1067008K
  class space    used 2657K, capacity 2836K, committed 2944K, reserved 1048576K
Event: 5.105 GC heap after
Heap after GC invocations=6 (full 1):
 PSYoungGen      total 66048K, used 0K [0x00000000ebd80000, 0x00000000f0080000, 0x0000000100000000)
  eden space 63488K, 0% used [0x00000000ebd80000,0x00000000ebd80000,0x00000000efb80000)
  from space 2560K, 0% used [0x00000000efb80000,0x00000000efb80000,0x00000000efe00000)
  to   space 2560K, 0% used [0x00000000efe00000,0x00000000efe00000,0x00000000f0080000)
 ParOldGen       total 35328K, used 6438K [0x00000000c3800000, 0x00000000c5a80000, 0x00000000ebd80000)
  object space 35328K, 18% used [0x00000000c3800000,0x00000000c3e49818,0x00000000c5a80000)
 Metaspace       used 20461K, capacity 21120K, committed 21296K, reserved 1067008K
  class space    used 2656K, capacity 2835K, committed 2944K, reserved 1048576K
}
Event: 6.282 GC heap before
{Heap before GC invocations=7 (full 1):
 PSYoungGen      total 66048K, used 63488K [0x00000000ebd80000, 0x00000000f0080000, 0x0000000100000000)
  eden space 63488K, 100% used [0x00000000ebd80000,0x00000000efb80000,0x00000000efb80000)
  from space 2560K, 0% used [0x00000000efb80000,0x00000000efb80000,0x00000000efe00000)
  to   space 2560K, 0% used [0x00000000efe00000,0x00000000efe00000,0x00000000f0080000)
 ParOldGen       total 35328K, used 6438K [0x00000000c3800000, 0x00000000c5a80000, 0x00000000ebd80000)
  object space 35328K, 18% used [0x00000000c3800000,0x00000000c3e49818,0x00000000c5a80000)
 Metaspace       used 22117K, capacity 22872K, committed 23040K, reserved 1069056K
  class space    used 2849K, capacity 3047K, committed 3072K, reserved 1048576K
Event: 6.294 GC heap after
Heap after GC invocations=7 (full 1):
 PSYoungGen      total 60928K, used 2535K [0x00000000ebd80000, 0x00000000f2880000, 0x0000000100000000)
  eden space 58368K, 0% used [0x00000000ebd80000,0x00000000ebd80000,0x00000000ef680000)
  from space 2560K, 99% used [0x00000000efe00000,0x00000000f0079f68,0x00000000f0080000)
  to   space 7680K, 0% used [0x00000000ef680000,0x00000000ef680000,0x00000000efe00000)
 ParOldGen       total 35328K, used 7364K [0x00000000c3800000, 0x00000000c5a80000, 0x00000000ebd80000)
  object space 35328K, 20% used [0x00000000c3800000,0x00000000c3f310f8,0x00000000c5a80000)
 Metaspace       used 22117K, capacity 22872K, committed 23040K, reserved 1069056K
  class space    used 2849K, capacity 3047K, committed 3072K, reserved 1048576K
}

